2026-01-27 10:45:48,107 - INFO - PIPELINE STARTED – STEP 1: FEATURE EXTRACTION
2026-01-27 10:45:48,108 - INFO - Starting feature extraction with augmentation
2026-01-27 10:46:17,683 - INFO - Feature extraction completed. Shape: (1716, 21)
2026-01-27 10:46:17,721 - INFO - Features loaded | Shape=(1716, 21)
2026-01-27 10:46:17,721 - INFO - Creating train–test split
2026-01-27 10:46:17,732 - INFO - Train–test split completed and test set saved
2026-01-27 10:46:17,733 - INFO - PIPELINE STARTED – STEP 2: FEATURE SELECTION
2026-01-27 10:46:17,733 - INFO - Starting RF feature ranking (FINAL IMPLEMENTATION LOGIC)
2026-01-27 10:46:18,262 - INFO - RF feature ranking completed
2026-01-27 10:46:18,266 - INFO - FEATURE EXTRACTION + SELECTION COMPLETED SUCCESSFULLY
2026-01-27 10:46:18,266 - INFO - PIPELINE STARTED – STEP 3: MODEL TRAINING
2026-01-27 10:46:18,353 - INFO - Training Decision Tree with top-10 features
2026-01-27 10:46:41,142 - INFO - Decision Tree completed | Accuracy=0.8427, ROC-AUC=0.8424, Precision=0.8216, Recall=0.8390, F1-Score=0.8302
2026-01-27 10:46:41,143 - INFO - Training KNN with top-10 features, k=3
2026-01-27 10:46:49,220 - INFO - KNN completed | Accuracy=0.7845, ROC-AUC=0.8361, Precision=0.7778, Recall=0.7415, F1-Score=0.7592
2026-01-27 10:46:49,221 - INFO - Training SVM (linear) with top-40 features
2026-01-27 10:46:57,313 - INFO - SVM completed | Accuracy=0.7845, ROC-AUC=0.8326, Precision=0.8415, Recall=0.6525, F1-Score=0.7351
2026-01-27 10:46:57,313 - INFO - MODEL TRAINING COMPLETED SUCCESSFULLY
2026-01-27 10:46:57,313 - INFO - PIPELINE STARTED – STEP 4: MODEL EVALUATION
2026-01-27 10:46:57,350 - INFO - Starting model evaluation
2026-01-27 10:46:57,566 - INFO - Evaluation Results:
2026-01-27 10:46:57,566 - INFO - DecisionTree | Accuracy=0.8427 | ROC-AUC=0.8424 | Precision=0.8216 | Recall=0.8390 | F1=0.8302
2026-01-27 10:46:57,567 - INFO - KNN | Accuracy=0.7845 | ROC-AUC=0.8361 | Precision=0.7778 | Recall=0.7415 | F1=0.7592
2026-01-27 10:46:57,567 - INFO - SVM | Accuracy=0.7845 | ROC-AUC=0.8326 | Precision=0.8415 | Recall=0.6525 | F1=0.7351
2026-01-27 10:46:57,567 - INFO - Best Model Selected: DecisionTree (ROC-AUC=0.8424)
2026-01-27 10:46:57,567 - INFO - Registering best model: DecisionTree
2026-01-27 10:47:02,074 - INFO - Best model successfully registered in MLflow
2026-01-27 10:47:02,074 - INFO - MODEL EVALUATION & REGISTRATION COMPLETED SUCCESSFULLY
