2026-01-25 12:32:43,496 - INFO - PIPELINE STARTED – FEATURE EXTRACTION + SELECTION
2026-01-25 12:32:43,496 - INFO - Starting feature extraction with augmentation
2026-01-25 12:33:10,048 - INFO - Feature extraction completed. Shape: (1716, 21)
2026-01-25 12:33:10,152 - INFO - Starting RF feature ranking (FINAL IMPLEMENTATION LOGIC)
2026-01-25 12:33:10,689 - INFO - RF feature ranking completed
2026-01-25 12:33:10,689 - INFO - FEATURE EXTRACTION + SELECTION COMPLETED SUCCESSFULLY
2026-01-25 12:33:10,689 - INFO - PIPELINE STARTED – STEP 2: MODEL TRAINING
2026-01-25 12:33:10,711 - INFO - Training Decision Tree with top-30 features
2026-01-25 12:33:26,245 - INFO - Decision Tree completed | Accuracy=0.8660, ROC-AUC=0.8633
2026-01-25 12:33:26,245 - INFO - Training KNN with top-10 features, k=3
2026-01-25 12:33:35,803 - INFO - KNN completed | Accuracy=0.7845, ROC-AUC=0.8361
2026-01-25 12:33:35,803 - INFO - Training SVM (linear) with top-50 features
2026-01-25 12:33:44,806 - INFO - SVM completed | Accuracy=0.7845, ROC-AUC=0.8326
2026-01-25 12:33:44,808 - INFO - MODEL TRAINING COMPLETED SUCCESSFULLY
2026-01-25 12:33:44,808 - INFO - PIPELINE STARTED – STEP 3: MODEL EVALUATION
2026-01-25 12:33:44,823 - INFO - Starting model evaluation
2026-01-25 12:33:44,962 - INFO - Evaluation Results:
2026-01-25 12:33:44,962 - INFO - DecisionTree | Accuracy=0.8660 | ROC-AUC=0.8633
2026-01-25 12:33:44,962 - INFO - KNN | Accuracy=0.7845 | ROC-AUC=0.8361
2026-01-25 12:33:44,962 - INFO - SVM | Accuracy=0.7845 | ROC-AUC=0.8326
2026-01-25 12:33:44,962 - INFO - Best Model: DecisionTree (ROC-AUC=0.8633)
2026-01-25 12:33:44,962 - INFO - Registering best model: DecisionTree
2026-01-25 12:33:50,245 - INFO - Best model registered with metrics in MLflow
2026-01-25 12:33:50,245 - INFO - MODEL EVALUATION COMPLETED SUCCESSFULLY
